<?xml version="1.0" encoding="UTF-8"?>
<!-- Generated by org.testng.reporters.JUnitReportReporter -->
<testsuite hostname="ADITYA" failures="0" tests="1" name="demo.test_Automation" time="0.084" errors="0" timestamp="2024-07-15T19:39:41 IST" skipped="0">
  <testcase classname="demo.test_Automation" name="home_Page" time="0.084"/>
</testsuite> <!-- demo.test_Automation -->
